<?xml version="1.0" encoding="utf-8"?><testsuites name="pytest tests"><testsuite name="pytest" errors="0" failures="0" skipped="0" tests="8" time="1.344" timestamp="2026-05-22T11:23:50.292091+00:00" hostname="agent-env-0ebf93bb-c231-49e3-bb86-7a4b67bc42b3"><testcase classname="backend.tests.backend_test.TestHealth" name="test_health_returns_200" time="0.138" /><testcase classname="backend.tests.backend_test.TestRespond" name="test_respond_choice_A" time="0.150" /><testcase classname="backend.tests.backend_test.TestRespond" name="test_respond_choice_B" time="0.144" /><testcase classname="backend.tests.backend_test.TestRespond" name="test_respond_choice_C" time="0.160" /><testcase classname="backend.tests.backend_test.TestRespond" name="test_respond_invalid_choice" time="0.113" /><testcase classname="backend.tests.backend_test.TestRespond" name="test_respond_with_note" time="0.143" /><testcase classname="backend.tests.backend_test.TestRespond" name="test_respond_missing_choice" time="0.098" /><testcase classname="backend.tests.backend_test.TestPersistence" name="test_records_persisted_to_mongo" time="0.249" /></testsuite></testsuites>